Adding $223 to azuracast 
{ addFunds: { id: '8rzownxl-9e50pxyv-adw6ymvb-dgk7j43a' } }
Adding $5608.95 to homebrew 
{ addFunds: { id: 'jrkx5lmn-v904qjw7-ojkp8bwa-7zdygoe3' } }
Adding $90.43 to linuxserver 
{ addFunds: { id: 'ejoxl3az-45w9pawl-9kk6y870-mgkbrvdn' } }
Adding $5440.3 to neovim 
{ addFunds: { id: '3kzxy4v0-7wlr6mv7-9xy6mj9n-o8agdbe5' } }
Adding $116.43 to emacs-lsp 
{ addFunds: { id: 'ax8emk7l-nw54q75l-4awpgyvj-0o93zdrb' } }
Adding $1139.93 to doctrine 
{ addFunds: { id: 'mywxoz34-09rl6kg7-bkypvenb-dj7gk85a' } }
Adding $180 to pmndrs 
{ addFunds: { id: 'zaxon793-jy8gpl37-xn9pbrkd-emwl5v04' } }
Adding $4145.71 to babel 
{ addFunds: { id: 'e0adkjrv-8xwm697l-nalq7z5n-4l93bgoy' } }
Adding $1160 to ruffle 
{ addFunds: { id: 'ywz9j4av-god8pgml-vkepmr35-nxklb0e7' } }
Adding $835 to swiftwasm 
{ addFunds: { id: 'rxg0j35l-zkwm6v57-r80qvoe9-8n47daby' } }
Adding $183 to urllib3 
{ addFunds: { id: 'eng0kzdy-vor4pzby-aropbma8-37xlw95j' } }
Adding $1207 to yiisoft 
{ addFunds: { id: 'v349mrwg-z75lpy7z-a08pa08d-jeybknox' } }
Adding $225 to webrtc-rs 
{ addFunds: { id: 'mlo94zn7-x08dpobl-jneqewga-3vjbrky5' } }
Adding $40 to vuepic1 
{ addFunds: { id: 'a47byg9n-xozdp8yl-bavqmjlv-03rek5w8' } }
Adding $11045.26 to tokio 
{ addFunds: { id: 'vrgbk357-l4x96eal-gk5pomew-a0jdyzn8' } }
Adding $2863 to eslint 
{ addFunds: { id: 'vedj9wro-z3a56d3l-mk5p7blg-8x4m0ykn' } }
Adding $110 to swc 
{ addFunds: { id: '3z8arxve-ymko60yk-xd8qgl5n-bj9w704d' } }
Adding $142 to enginehub 
{ addFunds: { id: 'gm9bnk80-437xqry7-j0epvzeo-ljdayw5r' } }
Adding $818.06 to xmonad 
{ addFunds: { id: '8k03reyd-5agmq5el-5jeqlbwo-z7j4nxv9' } }
Adding $2283 to codehike 
{ addFunds: { id: 'mvrwng4k-j03dpbml-gz9qz57o-yl9e8xba' } }
Adding $40 to sshnet 
{ addFunds: { id: 'n4gx0bro-v5m96n09-bogqd8lk-3ey7jzwa' } }
Adding $70 to nager 
{ addFunds: { id: '3k0exgzn-m8yj64rl-5k5p5wao-9r7b4dlv' } }
Adding $20 to react-native-datetimepicker 
{ addFunds: { id: 'gnxdwzj3-le5mpwj7-a40qy8rv-bko04a97' } }
Adding $545 to probe-rs 
{ addFunds: { id: 'k9mbw7y4-8r3zq3gl-5jnp0ej5-lavnodgx' } }
Adding $1055.14 to aurelia 
{ addFunds: { id: '8rzownxl-9e50pxyv-a4w6ymvb-dgk7j43a' } }
Adding $520 to testcontainers 
{ addFunds: { id: 'jrkx5lmn-v904qjw7-o5kp8bwa-7zdygoe3' } }
Adding $2005 to markdown-it 
{ addFunds: { id: 'ejoxl3az-45w9pawl-9vk6y870-mgkbrvdn' } }
Adding $350.77 to pnpm 
{ addFunds: { id: '3kzxy4v0-7wlr6mv7-9yy6mj9n-o8agdbe5' } }
Adding $30 to modern-web 
{ addFunds: { id: 'ax8emk7l-nw54q75l-4jwpgyvj-0o93zdrb' } }
Adding $1152 to preact 
{ addFunds: { id: 'mywxoz34-09rl6kg7-bvypvenb-dj7gk85a' } }
Adding $1310 to gulpjs 
{ addFunds: { id: 'zaxon793-jy8gpl37-xz9pbrkd-emwl5v04' } }
Adding $980 to mautic 
{ addFunds: { id: 'e0adkjrv-8xwm697l-nmlq7z5n-4l93bgoy' } }
Adding $10 to advancedfx 
{ addFunds: { id: 'ywz9j4av-god8pgml-vdepmr35-nxklb0e7' } }
Adding $23 to keeweb 
{ addFunds: { id: 'rxg0j35l-zkwm6v57-r30qvoe9-8n47daby' } }
Adding $55 to ritabot-project 
{ addFunds: { id: 'eng0kzdy-vor4pzby-a4opbma8-37xlw95j' } }
Adding $190.87 to maplibre 
{ addFunds: { id: 'v349mrwg-z75lpy7z-ag8pa08d-jeybknox' } }
Adding $102.25 to discordjs 
{ addFunds: { id: 'mlo94zn7-x08dpobl-j8eqewga-3vjbrky5' } }
Adding $57.74 to getferdi 
{ addFunds: { id: 'a47byg9n-xozdp8yl-bjvqmjlv-03rek5w8' } }
Adding $202 to celery 
{ addFunds: { id: 'vrgbk357-l4x96eal-g85pomew-a0jdyzn8' } }
Adding $1068 to unified 
{ addFunds: { id: 'vedj9wro-z3a56d3l-mo5p7blg-8x4m0ykn' } }
Adding $107.07 to starship 
{ addFunds: { id: '3z8arxve-ymko60yk-xj8qgl5n-bj9w704d' } }
Adding $192 to sixlabors 
{ addFunds: { id: 'gm9bnk80-437xqry7-jwepvzeo-ljdayw5r' } }
Adding $54 to textpattern-collective 
{ addFunds: { id: '8k03reyd-5agmq5el-5weqlbwo-z7j4nxv9' } }
Adding $737 to phalcon 
{ addFunds: { id: 'mvrwng4k-j03dpbml-g89qz57o-yl9e8xba' } }
Adding $410 to raspap 
{ addFunds: { id: 'n4gx0bro-v5m96n09-bjgqd8lk-3ey7jzwa' } }
Adding $200 to centrifugal 
{ addFunds: { id: '3k0exgzn-m8yj64rl-5w5p5wao-9r7b4dlv' } }
Adding $30 to pdm 
{ addFunds: { id: 'gnxdwzj3-le5mpwj7-ak0qy8rv-bko04a97' } }
Adding $12 to emmet 
{ addFunds: { id: 'k9mbw7y4-8r3zq3gl-5knp0ej5-lavnodgx' } }
Adding $241 to papermc 
{ addFunds: { id: '8rzownxl-9e50pxyv-akw6ymvb-dgk7j43a' } }
Adding $105 to lark 
{ addFunds: { id: 'jrkx5lmn-v904qjw7-o4kp8bwa-7zdygoe3' } }
Adding $155 to ohmyzsh 
{ addFunds: { id: 'ejoxl3az-45w9pawl-9ok6y870-mgkbrvdn' } }
Adding $75 to prismarinejs 
{ addFunds: { id: '3kzxy4v0-7wlr6mv7-94y6mj9n-o8agdbe5' } }
Adding $153.92 to docksal 
{ addFunds: { id: 'ax8emk7l-nw54q75l-4wwpgyvj-0o93zdrb' } }
Adding $100 to f-droid 
{ addFunds: { id: 'mywxoz34-09rl6kg7-b9ypvenb-dj7gk85a' } }
Adding $25 to endoflife-date 
{ addFunds: { id: 'zaxon793-jy8gpl37-xk9pbrkd-emwl5v04' } }
Adding $1255 to react-navigation 
{ addFunds: { id: 'e0adkjrv-8xwm697l-nwlq7z5n-4l93bgoy' } }
Adding $39.74 to master-co 
{ addFunds: { id: 'ywz9j4av-god8pgml-v5epmr35-nxklb0e7' } }
Adding $54.64 to hanami 
{ addFunds: { id: 'rxg0j35l-zkwm6v57-rk0qvoe9-8n47daby' } }
Adding $1661 to curl 
{ addFunds: { id: 'eng0kzdy-vor4pzby-akopbma8-37xlw95j' } }
Adding $67 to twind 
{ addFunds: { id: 'v349mrwg-z75lpy7z-ak8pa08d-jeybknox' } }
Adding $60 to denosaurs 
{ addFunds: { id: 'mlo94zn7-x08dpobl-jmeqewga-3vjbrky5' } }
Adding $225 to cheerio 
{ addFunds: { id: 'rxg0j35l-zkwm6v57-rkyqvoe9-8n47daby' } }
Adding $119.2 to sage_math 
{ addFunds: { id: 'eng0kzdy-vor4pzby-ak9pbma8-37xlw95j' } }
Adding $71.71 to mswjs 
{ addFunds: { id: 'v349mrwg-z75lpy7z-akrpa08d-jeybknox' } }
Adding $220 to openlayers 
{ addFunds: { id: 'mlo94zn7-x08dpobl-jmxqewga-3vjbrky5' } }
Adding $3130 to dj-stripe 
{ addFunds: { id: 'a47byg9n-xozdp8yl-bmrqmjlv-03rek5w8' } }
Adding $1256.66 to yarnpkg 
{ addFunds: { id: 'vrgbk357-l4x96eal-grapomew-a0jdyzn8' } }
Adding $30 to passwordless 
{ addFunds: { id: 'vedj9wro-z3a56d3l-m0gp7blg-8x4m0ykn' } }
Adding $43 to activitywatch 
{ addFunds: { id: '3z8arxve-ymko60yk-xlwqgl5n-bj9w704d' } }
Adding $100 to analysis-tools 
{ addFunds: { id: 'gm9bnk80-437xqry7-j5jpvzeo-ljdayw5r' } }
Adding $30 to ciderapp 
{ addFunds: { id: '8k03reyd-5agmq5el-5mbqlbwo-z7j4nxv9' } }
Adding $5 to castle-engine 
{ addFunds: { id: 'mvrwng4k-j03dpbml-gexqz57o-yl9e8xba' } }
Adding $210 to open5gs 
{ addFunds: { id: 'n4gx0bro-v5m96n09-beyqd8lk-3ey7jzwa' } }
Adding $364.14 to moleculer 
{ addFunds: { id: '3k0exgzn-m8yj64rl-5m7p5wao-9r7b4dlv' } }
Adding $105 to infection 
{ addFunds: { id: 'gnxdwzj3-le5mpwj7-ameqy8rv-bko04a97' } }
Adding $36.34 to pyenv 
{ addFunds: { id: 'k9mbw7y4-8r3zq3gl-5mjp0ej5-lavnodgx' } }
Adding $220 to dhall 
{ addFunds: { id: '8rzownxl-9e50pxyv-amk6ymvb-dgk7j43a' } }
Adding $100 to purpurmc 
{ addFunds: { id: 'jrkx5lmn-v904qjw7-ozzp8bwa-7zdygoe3' } }
Adding $10 to react-native-elements 
{ addFunds: { id: 'ejoxl3az-45w9pawl-98r6y870-mgkbrvdn' } }
Adding $66.57 to geysermc 
{ addFunds: { id: '3kzxy4v0-7wlr6mv7-9876mj9n-o8agdbe5' } }
Adding $22 to essentialsx 
{ addFunds: { id: 'ax8emk7l-nw54q75l-4gypgyvj-0o93zdrb' } }
Adding $285.36 to dokku 
{ addFunds: { id: 'mywxoz34-09rl6kg7-by4pvenb-dj7gk85a' } }
Adding $2 to android-password-store 
{ addFunds: { id: 'zaxon793-jy8gpl37-xodpbrkd-emwl5v04' } }
Adding $11 to 11ty 
{ addFunds: { id: 'e0adkjrv-8xwm697l-nv4q7z5n-4l93bgoy' } }
Adding $22 to gitea 
{ addFunds: { id: 'ywz9j4av-god8pgml-vbjpmr35-nxklb0e7' } }
Adding $16 to dim 
{ addFunds: { id: 'rxg0j35l-zkwm6v57-rmyqvoe9-8n47daby' } }
Adding $18 to node-fetch 
{ addFunds: { id: 'eng0kzdy-vor4pzby-am9pbma8-37xlw95j' } }
Adding $168 to clojure-lsp 
{ addFunds: { id: 'v349mrwg-z75lpy7z-amrpa08d-jeybknox' } }
Adding $608 to nanoframework 
{ addFunds: { id: 'mlo94zn7-x08dpobl-jdxqewga-3vjbrky5' } }
Adding $200 to the-gita-initiative 
{ addFunds: { id: 'a47byg9n-xozdp8yl-b3rqmjlv-03rek5w8' } }
Adding $29 to discord4j 
{ addFunds: { id: 'vrgbk357-l4x96eal-g4apomew-a0jdyzn8' } }
Adding $13 to sinon 
{ addFunds: { id: 'vedj9wro-z3a56d3l-mngp7blg-8x4m0ykn' } }
Adding $4.29 to lamdu 
{ addFunds: { id: '3z8arxve-ymko60yk-xnwqgl5n-bj9w704d' } }
Adding $2000 to material-table-core 
{ addFunds: { id: 'gm9bnk80-437xqry7-jajpvzeo-ljdayw5r' } }
Adding $2 to axios 
{ addFunds: { id: '8k03reyd-5agmq5el-5gbqlbwo-z7j4nxv9' } }
Adding $240 to tuistapp 
{ addFunds: { id: 'mvrwng4k-j03dpbml-g5xqz57o-yl9e8xba' } }
Adding $5 to oasis 
{ addFunds: { id: 'n4gx0bro-v5m96n09-bayqd8lk-3ey7jzwa' } }
Adding $40 to tastyigniter 
{ addFunds: { id: '3k0exgzn-m8yj64rl-5x7p5wao-9r7b4dlv' } }
Adding $177 to parse-server 
{ addFunds: { id: 'gnxdwzj3-le5mpwj7-a8eqy8rv-bko04a97' } }
Adding $105 to piranhacms 
{ addFunds: { id: 'k9mbw7y4-8r3zq3gl-53jp0ej5-lavnodgx' } }
Adding $198 to oatpp 
{ addFunds: { id: '8rzownxl-9e50pxyv-aek6ymvb-dgk7j43a' } }
Adding $77.14 to go-kratos 
{ addFunds: { id: 'jrkx5lmn-v904qjw7-oazp8bwa-7zdygoe3' } }
Adding $40 to openscad 
{ addFunds: { id: 'ejoxl3az-45w9pawl-9rr6y870-mgkbrvdn' } }
Adding $70 to dry-python 
{ addFunds: { id: '3kzxy4v0-7wlr6mv7-9l76mj9n-o8agdbe5' } }
Adding $105 to katex 
{ addFunds: { id: 'ax8emk7l-nw54q75l-43ypgyvj-0o93zdrb' } }
Adding $38 to namelessmc 
{ addFunds: { id: 'mywxoz34-09rl6kg7-ba4pvenb-dj7gk85a' } }
Adding $151.14 to vscode-icons 
{ addFunds: { id: 'zaxon793-jy8gpl37-x9dpbrkd-emwl5v04' } }
Adding $20 to http4k 
{ addFunds: { id: 'e0adkjrv-8xwm697l-n34q7z5n-4l93bgoy' } }
Adding $10 to ledfx 
{ addFunds: { id: 'ywz9j4av-god8pgml-vajpmr35-nxklb0e7' } }
Adding $10 to vignette 
{ addFunds: { id: 'rxg0j35l-zkwm6v57-royqvoe9-8n47daby' } }
Adding $50 to crow 
{ addFunds: { id: 'eng0kzdy-vor4pzby-a09pbma8-37xlw95j' } }
Adding $32 to detekt 
{ addFunds: { id: 'v349mrwg-z75lpy7z-adrpa08d-jeybknox' } }
Adding $72 to typegraphql 
{ addFunds: { id: 'mlo94zn7-x08dpobl-jaxqewga-3vjbrky5' } }
Adding $40 to praw-dev 
{ addFunds: { id: 'a47byg9n-xozdp8yl-blrqmjlv-03rek5w8' } }
Adding $27 to icosa 
{ addFunds: { id: 'vrgbk357-l4x96eal-glapomew-a0jdyzn8' } }
Adding $16 to boardgameio 
{ addFunds: { id: 'vedj9wro-z3a56d3l-mlgp7blg-8x4m0ykn' } }
Adding $11 to stylelint 
{ addFunds: { id: '3z8arxve-ymko60yk-xkwqgl5n-bj9w704d' } }
Adding $80 to effector 
{ addFunds: { id: 'gm9bnk80-437xqry7-j7jpvzeo-ljdayw5r' } }
Adding $10 to playframework 
{ addFunds: { id: '8k03reyd-5agmq5el-5lbqlbwo-z7j4nxv9' } }
Adding $15 to dbgate 
{ addFunds: { id: 'mvrwng4k-j03dpbml-glxqz57o-yl9e8xba' } }
Adding $10 to python-trio 
{ addFunds: { id: 'n4gx0bro-v5m96n09-b9yqd8lk-3ey7jzwa' } }
Adding $5 to ariakit 
{ addFunds: { id: '3k0exgzn-m8yj64rl-5l7p5wao-9r7b4dlv' } }
Adding $2 to sapphiredev 
{ addFunds: { id: 'gnxdwzj3-le5mpwj7-a7eqy8rv-bko04a97' } }
Adding $5 to open-chemistry 
{ addFunds: { id: 'k9mbw7y4-8r3zq3gl-5ljp0ej5-lavnodgx' } }
Adding $25 to observer 
{ addFunds: { id: '8rzownxl-9e50pxyv-avk6ymvb-dgk7j43a' } }
Adding $1 to hypeserver 
{ addFunds: { id: 'jrkx5lmn-v904qjw7-o7zp8bwa-7zdygoe3' } }
Adding $35 to electron-react-boilerplate-594 
{ addFunds: { id: 'ejoxl3az-45w9pawl-9lr6y870-mgkbrvdn' } }
Adding $17 to swoole-src 
{ addFunds: { id: '3kzxy4v0-7wlr6mv7-9776mj9n-o8agdbe5' } }
Adding $12 to tum-dev 
{ addFunds: { id: 'ax8emk7l-nw54q75l-4lypgyvj-0o93zdrb' } }
Adding $3 to world-class 
{ addFunds: { id: 'mywxoz34-09rl6kg7-b74pvenb-dj7gk85a' } }
Adding $5 to tenacity 
{ addFunds: { id: 'zaxon793-jy8gpl37-x7dpbrkd-emwl5v04' } }
Adding $2 to pufferpanel 
{ addFunds: { id: 'e0adkjrv-8xwm697l-nl4q7z5n-4l93bgoy' } }
Adding $5 to skytable 
{ addFunds: { id: 'ywz9j4av-god8pgml-vljpmr35-nxklb0e7' } }
Adding $50 to casbin 
{ addFunds: { id: 'rxg0j35l-zkwm6v57-r7yqvoe9-8n47daby' } }
Adding $5 to verdaccio 
{ addFunds: { id: 'eng0kzdy-vor4pzby-ay9pbma8-37xlw95j' } }
Adding $10 to asyncapi 
{ addFunds: { id: 'v349mrwg-z75lpy7z-azrpa08d-jeybknox' } }
Adding $10 to openxray 
{ addFunds: { id: 'mlo94zn7-x08dpobl-jlxqewga-3vjbrky5' } }
Adding $15 to kivymd 
{ addFunds: { id: 'a47byg9n-xozdp8yl-borqmjlv-03rek5w8' } }
Adding $5 to chucker 
{ addFunds: { id: 'vrgbk357-l4x96eal-goapomew-a0jdyzn8' } }
Adding $500 to robostack 
{ addFunds: { id: 'vedj9wro-z3a56d3l-mygp7blg-8x4m0ykn' } }
Adding $20 to gab 
{ addFunds: { id: '3z8arxve-ymko60yk-xbwqgl5n-bj9w704d' } }
Adding $5 to wger 
{ addFunds: { id: 'gm9bnk80-437xqry7-jgjpvzeo-ljdayw5r' } }